<?xml version="1.0" encoding="UTF-8"?>
<!-- Generated by org.testng.reporters.JUnitXMLReporter -->
<testsuite hostname="DESKTOP-19Q16R0" ignored="0" name="Surefire test" tests="6" failures="0" timestamp="08 Oct 2020 15:56:52 GMT" time="0.064" errors="0">
  <testcase name="IOSApps" time="0.019" classname="abcdacademy.AppiumTest"/>
  <testcase name="NativeAPpAndroid" time="0.0" classname="abcdacademy.AppiumTest"/>
  <testcase name="deleteTwitter" time="0.0" classname="abcdacademy.RESTApiTest"/>
  <testcase name="postJira" time="0.0" classname="abcdacademy.RESTApiTest"/>
  <testcase name="BrowserAUtomation" time="0.001" classname="abcdacademy.SeleniumTest"/>
  <testcase name="elementsUi" time="0.001" classname="abcdacademy.SeleniumTest"/>
</testsuite> <!-- Surefire test -->
